<?xml version="1.0" encoding="UTF-8"?>
<!-- Generated by org.testng.reporters.JUnitXMLReporter -->
<testsuite ignored="4" hostname="LAPTOP-MS8QUSSL" failures="0" tests="1" name="Default test" time="13.571" errors="0" timestamp="2021-09-17T13:31:07 IST">
  <testcase classname="api.api" name="deleteapi" time="13.462"/>
  <testcase classname="api.api" name="getApi" time="0.0">
    <ignored/>
  </testcase> <!-- getApi -->
  <testcase classname="api.api" name="putapi" time="0.0">
    <ignored/>
  </testcase> <!-- putapi -->
  <testcase classname="api.api" name="postApi" time="0.0">
    <ignored/>
  </testcase> <!-- postApi -->
  <testcase classname="api.api" name="patchapi" time="0.0">
    <ignored/>
  </testcase> <!-- patchapi -->
</testsuite> <!-- Default test -->
