<?xml version="1.0" encoding="UTF-8"?>
<testng-results ignored="4" total="5" passed="1" failed="0" skipped="0">
  <reporter-output>
  </reporter-output>
  <suite started-at="2021-09-17T13:30:53 IST" name="Default suite" finished-at="2021-09-17T13:31:07 IST" duration-ms="13571">
    <groups>
    </groups>
    <test started-at="2021-09-17T13:30:53 IST" name="Default test" finished-at="2021-09-17T13:31:07 IST" duration-ms="13571">
      <class name="api.api">
        <test-method signature="deleteapi()[pri:0, instance:api.api@3c22fc4c]" started-at="2021-09-17T13:30:53 IST" name="deleteapi" finished-at="2021-09-17T13:31:07 IST" duration-ms="13462" status="PASS">
          <reporter-output>
          </reporter-output>
        </test-method> <!-- deleteapi -->
      </class> <!-- api.api -->
    </test> <!-- Default test -->
  </suite> <!-- Default suite -->
</testng-results>
